<?xml version="1.0" encoding="UTF-8"?>
<!-- Generated by org.testng.reporters.JUnitReportReporter -->
<testsuite hostname="Pragti" failures="0" tests="2" name="pac1.NewTTETSTest" time="0.127" errors="0" timestamp="2024-03-26T16:54:31 IST" skipped="0">
  <testcase classname="pac1.NewTTETSTest" name="fTest" time="0.043"/>
  <testcase classname="pac1.NewTTETSTest" name="fiTest" time="0.084"/>
</testsuite> <!-- pac1.NewTTETSTest -->
