<?xml version="1.0" encoding="UTF-8"?>
<!-- Generated by org.testng.reporters.JUnitReportReporter -->
<testsuite hostname="Pragti" failures="0" tests="1" name="pac1.NewTTETS1Test" time="0.122" errors="0" timestamp="2024-03-26T16:54:31 IST" skipped="0">
  <testcase classname="pac1.NewTTETS1Test" name="fTest" time="0.122"/>
</testsuite> <!-- pac1.NewTTETS1Test -->
